<?xml version="1.0" encoding="UTF-8"?>
<testng-results ignored="0" total="4" passed="4" failed="0" skipped="0">
  <reporter-output>
  </reporter-output>
  <suite started-at="2026-07-22T17:27:21 IST" name="Suite" finished-at="2026-07-22T17:27:55 IST" duration-ms="34457">
    <groups>
    </groups>
    <test started-at="2026-07-22T17:27:21 IST" name="Test" finished-at="2026-07-22T17:27:55 IST" duration-ms="34457">
      <class name="org.jalal.testcases.TC002_Login">
        <test-method is-config="true" signature="setData()[pri:0, instance:org.jalal.testcases.TC002_Login@77c2494c]" started-at="2026-07-22T17:27:21 IST" name="setData" finished-at="2026-07-22T17:27:21 IST" duration-ms="1" status="PASS">
          <reporter-output>
          </reporter-output>
        </test-method> <!-- setData -->
        <test-method is-config="true" signature="startApp()[pri:0, instance:org.jalal.testcases.TC002_Login@77c2494c]" started-at="2026-07-22T17:27:22 IST" name="startApp" finished-at="2026-07-22T17:27:35 IST" duration-ms="12416" status="PASS">
          <reporter-output>
          </reporter-output>
        </test-method> <!-- startApp -->
        <test-method signature="loginTest([Ljava.lang.String;)[pri:0, instance:org.jalal.testcases.TC002_Login@77c2494c]" started-at="2026-07-22T17:27:35 IST" name="loginTest" data-provider="data" finished-at="2026-07-22T17:27:35 IST" duration-ms="504" status="PASS">
          <params>
            <param index="0">
              <value>
                <![CDATA[[Ljava.lang.String;@1613674b]]>
              </value>
            </param>
          </params>
          <reporter-output>
          </reporter-output>
        </test-method> <!-- loginTest -->
        <test-method is-config="true" signature="stopApp()[pri:0, instance:org.jalal.testcases.TC002_Login@77c2494c]" started-at="2026-07-22T17:27:35 IST" name="stopApp" finished-at="2026-07-22T17:27:37 IST" duration-ms="1152" status="PASS">
          <reporter-output>
          </reporter-output>
        </test-method> <!-- stopApp -->
        <test-method is-config="true" signature="startApp()[pri:0, instance:org.jalal.testcases.TC002_Login@77c2494c]" started-at="2026-07-22T17:27:37 IST" name="startApp" finished-at="2026-07-22T17:27:42 IST" duration-ms="5767" status="PASS">
          <reporter-output>
          </reporter-output>
        </test-method> <!-- startApp -->
        <test-method signature="loginTest([Ljava.lang.String;)[pri:0, instance:org.jalal.testcases.TC002_Login@77c2494c]" started-at="2026-07-22T17:27:42 IST" name="loginTest" data-provider="data" finished-at="2026-07-22T17:27:46 IST" duration-ms="3612" status="PASS">
          <params>
            <param index="0">
              <value>
                <![CDATA[[Ljava.lang.String;@4e096385]]>
              </value>
            </param>
          </params>
          <reporter-output>
          </reporter-output>
        </test-method> <!-- loginTest -->
        <test-method is-config="true" signature="stopApp()[pri:0, instance:org.jalal.testcases.TC002_Login@77c2494c]" started-at="2026-07-22T17:27:46 IST" name="stopApp" finished-at="2026-07-22T17:27:46 IST" duration-ms="583" status="PASS">
          <reporter-output>
          </reporter-output>
        </test-method> <!-- stopApp -->
      </class> <!-- org.jalal.testcases.TC002_Login -->
      <class name="org.jalal.testcases.TC001_Login">
        <test-method is-config="true" signature="setData()[pri:0, instance:org.jalal.testcases.TC001_Login@229f66ed]" started-at="2026-07-22T17:27:21 IST" name="setData" finished-at="2026-07-22T17:27:21 IST" duration-ms="54" status="PASS">
          <reporter-output>
          </reporter-output>
        </test-method> <!-- setData -->
        <test-method is-config="true" signature="startApp()[pri:0, instance:org.jalal.testcases.TC001_Login@229f66ed]" started-at="2026-07-22T17:27:22 IST" name="startApp" finished-at="2026-07-22T17:27:44 IST" duration-ms="21806" status="PASS">
          <reporter-output>
          </reporter-output>
        </test-method> <!-- startApp -->
        <test-method signature="loginTest([Ljava.lang.String;)[pri:0, instance:org.jalal.testcases.TC001_Login@229f66ed]" started-at="2026-07-22T17:27:44 IST" name="loginTest" data-provider="data" finished-at="2026-07-22T17:27:45 IST" duration-ms="560" status="PASS">
          <params>
            <param index="0">
              <value>
                <![CDATA[[Ljava.lang.String;@27ff5d15]]>
              </value>
            </param>
          </params>
          <reporter-output>
          </reporter-output>
        </test-method> <!-- loginTest -->
        <test-method is-config="true" signature="stopApp()[pri:0, instance:org.jalal.testcases.TC001_Login@229f66ed]" started-at="2026-07-22T17:27:45 IST" name="stopApp" finished-at="2026-07-22T17:27:46 IST" duration-ms="902" status="PASS">
          <reporter-output>
          </reporter-output>
        </test-method> <!-- stopApp -->
        <test-method is-config="true" signature="startApp()[pri:0, instance:org.jalal.testcases.TC001_Login@229f66ed]" started-at="2026-07-22T17:27:46 IST" name="startApp" finished-at="2026-07-22T17:27:51 IST" duration-ms="5578" status="PASS">
          <reporter-output>
          </reporter-output>
        </test-method> <!-- startApp -->
        <test-method signature="loginTest([Ljava.lang.String;)[pri:0, instance:org.jalal.testcases.TC001_Login@229f66ed]" started-at="2026-07-22T17:27:51 IST" name="loginTest" data-provider="data" finished-at="2026-07-22T17:27:54 IST" duration-ms="3110" status="PASS">
          <params>
            <param index="0">
              <value>
                <![CDATA[[Ljava.lang.String;@649bec2e]]>
              </value>
            </param>
          </params>
          <reporter-output>
          </reporter-output>
        </test-method> <!-- loginTest -->
        <test-method is-config="true" signature="stopApp()[pri:0, instance:org.jalal.testcases.TC001_Login@229f66ed]" started-at="2026-07-22T17:27:54 IST" name="stopApp" finished-at="2026-07-22T17:27:55 IST" duration-ms="598" status="PASS">
          <reporter-output>
          </reporter-output>
        </test-method> <!-- stopApp -->
      </class> <!-- org.jalal.testcases.TC001_Login -->
    </test> <!-- Test -->
  </suite> <!-- Suite -->
</testng-results>
