<?xml version="1.0" encoding="UTF-8"?>
<!-- Generated by org.testng.reporters.JUnitReportReporter -->
<testsuite hostname="LAPTOP-S61N5N1U" failures="0" tests="2" name="org.jalal.testcases.TC001_Login" time="32.554" errors="0" timestamp="2026-07-22T17:27:55 IST" skipped="0">
  <testcase classname="org.jalal.testcases.TC001_Login" name="loginTest" time="22.964"/>
  <testcase classname="org.jalal.testcases.TC001_Login" name="loginTest" time="9.590"/>
</testsuite> <!-- org.jalal.testcases.TC001_Login -->
