<?xml version="1.0" encoding="UTF-8"?>
<!-- Generated by org.testng.reporters.JUnitXMLReporter -->
<testsuite ignored="0" hostname="LAPTOP-S61N5N1U" failures="0" tests="4" name="Test" time="34.457" errors="0" timestamp="2026-07-22T17:27:55 IST">
  <testcase classname="org.jalal.testcases.TC002_Login" name="loginTest" time="0.504"/>
  <testcase classname="org.jalal.testcases.TC001_Login" name="loginTest" time="0.56"/>
  <testcase classname="org.jalal.testcases.TC002_Login" name="loginTest" time="3.612"/>
  <testcase classname="org.jalal.testcases.TC001_Login" name="loginTest" time="3.11"/>
</testsuite> <!-- Test -->
